<?xml version="1.0" encoding="UTF-8"?>
<testsuite name="in.saifali.mapper.impl.ProcessorTest" tests="3" skipped="0" failures="0" errors="0" timestamp="2019-03-31T11:20:39" hostname="full023-prt" time="0.202">
  <properties/>
  <testcase name="testCustomAnnotation1" classname="in.saifali.mapper.impl.ProcessorTest" time="0.196"/>
  <testcase name="testCustomAnnotation2" classname="in.saifali.mapper.impl.ProcessorTest" time="0.003"/>
  <testcase name="testCustomAnnotation3" classname="in.saifali.mapper.impl.ProcessorTest" time="0.003"/>
  <system-out><![CDATA[]]></system-out>
  <system-err><![CDATA[]]></system-err>
</testsuite>
